-------------------------------------------------------------------------------
Test set: com.example.demo.DemoApplicationTests
-------------------------------------------------------------------------------
Tests run: 1, Failures: 0, Errors: 1, Skipped: 0, Time elapsed: 3.634 s <<< FAILURE! - in com.example.demo.DemoApplicationTests
contextLoads  Time elapsed: 0.001 s  <<< ERROR!
java.lang.IllegalStateException: Failed to load ApplicationContext
Caused by: org.springframework.beans.factory.UnsatisfiedDependencyException: Error creating bean with name 'employeeController' defined in file [/home/user/IdeaProjects/avirouter/target/classes/com/example/demo/controller/EmployeeController.class]: Unsatisfied dependency expressed through constructor parameter 0; nested exception is org.springframework.beans.factory.UnsatisfiedDependencyException: Error creating bean with name 'employeeServiceImpl' defined in file [/home/user/IdeaProjects/avirouter/target/classes/com/example/demo/service/EmployeeServiceImpl.class]: Unsatisfied dependency expressed through constructor parameter 0; nested exception is org.springframework.beans.factory.BeanCreationException: Error creating bean with name 'employeeRepository': Invocation of init method failed; nested exception is java.lang.IllegalArgumentException: Failed to create query for method public abstract java.util.Optional com.example.demo.repository.EmployeeRepository.findEmployeeByEmployeeID(java.lang.String)! No property employeeID found for type Employee!
Caused by: org.springframework.beans.factory.UnsatisfiedDependencyException: Error creating bean with name 'employeeServiceImpl' defined in file [/home/user/IdeaProjects/avirouter/target/classes/com/example/demo/service/EmployeeServiceImpl.class]: Unsatisfied dependency expressed through constructor parameter 0; nested exception is org.springframework.beans.factory.BeanCreationException: Error creating bean with name 'employeeRepository': Invocation of init method failed; nested exception is java.lang.IllegalArgumentException: Failed to create query for method public abstract java.util.Optional com.example.demo.repository.EmployeeRepository.findEmployeeByEmployeeID(java.lang.String)! No property employeeID found for type Employee!
Caused by: org.springframework.beans.factory.BeanCreationException: Error creating bean with name 'employeeRepository': Invocation of init method failed; nested exception is java.lang.IllegalArgumentException: Failed to create query for method public abstract java.util.Optional com.example.demo.repository.EmployeeRepository.findEmployeeByEmployeeID(java.lang.String)! No property employeeID found for type Employee!
Caused by: java.lang.IllegalArgumentException: Failed to create query for method public abstract java.util.Optional com.example.demo.repository.EmployeeRepository.findEmployeeByEmployeeID(java.lang.String)! No property employeeID found for type Employee!
Caused by: org.springframework.data.mapping.PropertyReferenceException: No property employeeID found for type Employee!

